TN:
SF:src\constants\theme.js
FNF:0
FNH:0
DA:7,2
DA:203,2
DA:595,2
LF:3
LH:3
BRF:0
BRH:0
end_of_record
TN:
SF:src\pages\Auth\Pages\Login.jsx
FN:20,(anonymous_0)
FN:65,(anonymous_1)
FN:110,(anonymous_2)
FN:128,(anonymous_3)
FNF:4
FNH:4
FNDA:1,(anonymous_0)
FNDA:11,(anonymous_1)
FNDA:2,(anonymous_2)
FNDA:2,(anonymous_3)
DA:20,1
DA:21,1
DA:22,1
DA:23,1
DA:25,1
DA:30,1
DA:56,1
DA:66,11
DA:111,2
DA:129,2
LF:10
LH:10
BRDA:58,0,0,1
BRDA:58,0,1,1
BRDA:136,1,0,11
BRDA:136,1,1,11
BRDA:147,2,0,11
BRDA:147,2,1,0
BRDA:149,3,0,11
BRDA:149,3,1,11
BRF:8
BRH:7
end_of_record
TN:
SF:src\pages\Auth\Pages\Register.jsx
FN:19,(anonymous_0)
FN:39,(anonymous_1)
FN:61,(anonymous_2)
FN:74,(anonymous_3)
FN:132,(anonymous_4)
FN:154,(anonymous_5)
FN:172,(anonymous_6)
FN:196,(anonymous_7)
FN:223,(anonymous_8)
FNF:9
FNH:9
FNDA:2,(anonymous_0)
FNDA:3,(anonymous_1)
FNDA:2,(anonymous_2)
FNDA:12,(anonymous_3)
FNDA:1,(anonymous_4)
FNDA:1,(anonymous_5)
FNDA:1,(anonymous_6)
FNDA:2,(anonymous_7)
FNDA:1,(anonymous_8)
DA:19,1
DA:20,2
DA:21,2
DA:22,2
DA:23,2
DA:24,2
DA:33,2
DA:40,3
DA:41,3
DA:61,2
DA:62,2
DA:65,2
DA:75,12
DA:133,1
DA:155,1
DA:173,1
DA:197,2
DA:224,1
LF:18
LH:18
BRDA:62,0,0,0
BRDA:62,0,1,2
BRDA:67,1,0,2
BRDA:67,1,1,2
BRDA:249,2,0,12
BRDA:249,2,1,12
BRDA:260,3,0,12
BRDA:260,3,1,0
BRDA:261,4,0,12
BRDA:261,4,1,12
BRF:10
BRH:8
end_of_record
TN:
SF:src\pages\Auth\components\FooterLogin.jsx
FN:3,(anonymous_0)
FNF:1
FNH:1
FNDA:13,(anonymous_0)
DA:3,4
DA:4,13
LF:2
LH:2
BRF:0
BRH:0
end_of_record
TN:
SF:src\pages\Auth\components\HeaderLogin.jsx
FN:5,(anonymous_0)
FNF:1
FNH:1
FNDA:23,(anonymous_0)
DA:5,4
DA:6,23
LF:2
LH:2
BRF:0
BRH:0
end_of_record
TN:
SF:src\pages\Auth\components\SocialNetwork.jsx
FN:6,(anonymous_0)
FNF:1
FNH:1
FNDA:14,(anonymous_0)
DA:6,4
DA:7,14
LF:2
LH:2
BRF:0
BRH:0
end_of_record
TN:
SF:src\pages\Auth\components\index.jsx
FNF:0
FNH:0
LF:0
LH:0
BRF:0
BRH:0
end_of_record
TN:
SF:src\pages\Auth\hooks\useEmailExists.jsx
FN:4,(anonymous_0)
FN:9,(anonymous_1)
FNF:2
FNH:2
FNDA:5,(anonymous_0)
FNDA:2,(anonymous_1)
DA:4,1
DA:5,5
DA:6,5
DA:7,5
DA:8,5
DA:9,5
DA:10,2
DA:11,2
DA:12,2
DA:13,1
DA:14,1
DA:16,1
DA:18,2
DA:22,5
LF:14
LH:14
BRF:0
BRH:0
end_of_record
TN:
SF:src\pages\Auth\hooks\useLogin.jsx
FN:7,(anonymous_0)
FN:15,(anonymous_1)
FN:39,(anonymous_2)
FN:43,(anonymous_3)
FNF:4
FNH:4
FNDA:9,(anonymous_0)
FNDA:2,(anonymous_1)
FNDA:1,(anonymous_2)
FNDA:1,(anonymous_3)
DA:7,2
DA:8,9
DA:9,9
DA:10,9
DA:11,9
DA:12,9
DA:13,9
DA:15,9
DA:17,2
DA:18,2
DA:19,2
DA:20,2
DA:21,2
DA:25,1
DA:26,1
DA:27,1
DA:28,1
DA:31,1
DA:32,1
DA:33,1
DA:35,2
DA:39,9
DA:40,1
DA:43,9
DA:44,1
DA:49,9
LF:26
LH:26
BRF:0
BRH:0
end_of_record
TN:
SF:src\pages\User\Components\EditUserProfile.jsx
FN:17,(anonymous_0)
FN:38,(anonymous_1)
FN:94,(anonymous_2)
FN:193,(anonymous_3)
FN:206,(anonymous_4)
FN:227,(anonymous_5)
FN:239,(anonymous_6)
FNF:7
FNH:5
FNDA:2,(anonymous_0)
FNDA:2,(anonymous_1)
FNDA:4,(anonymous_2)
FNDA:0,(anonymous_3)
FNDA:4,(anonymous_4)
FNDA:0,(anonymous_5)
FNDA:4,(anonymous_6)
DA:17,2
DA:18,2
DA:37,2
DA:38,2
DA:39,2
DA:41,2
DA:42,2
DA:83,2
DA:95,4
DA:201,0
DA:202,0
DA:207,4
DA:235,0
DA:240,4
LF:14
LH:11
BRDA:85,0,0,2
BRDA:85,0,1,1
BRDA:144,1,0,4
BRDA:144,1,1,4
BRDA:165,2,0,4
BRDA:165,2,1,0
BRDA:367,3,0,2
BRDA:367,3,1,1
BRF:8
BRH:7
end_of_record
TN:
SF:src\pages\Utils\Alerts.jsx
FN:5,(anonymous_0)
FN:16,(anonymous_1)
FN:26,(anonymous_2)
FN:36,(anonymous_3)
FN:62,(anonymous_4)
FNF:5
FNH:4
FNDA:3,(anonymous_0)
FNDA:1,(anonymous_1)
FNDA:1,(anonymous_2)
FNDA:1,(anonymous_3)
FNDA:0,(anonymous_4)
DA:5,6
DA:6,3
DA:16,3
DA:17,1
DA:26,3
DA:27,1
DA:36,3
DA:37,1
DA:63,0
DA:64,0
DA:68,3
LF:11
LH:9
BRDA:63,0,0,0
BRDA:63,0,1,0
BRF:2
BRH:0
end_of_record
TN:
SF:src\pages\Utils\ArrayCheckBoxes.jsx
FNF:0
FNH:0
LF:0
LH:0
BRF:0
BRH:0
end_of_record
TN:
SF:src\pages\Utils\CheckBoxValidation.jsx
FN:3,(anonymous_0)
FNF:1
FNH:1
FNDA:12,(anonymous_0)
DA:3,4
DA:4,12
LF:2
LH:2
BRF:0
BRH:0
end_of_record
TN:
SF:src\pages\Utils\GetErrorBorder.jsx
FN:3,(anonymous_0)
FNF:1
FNH:1
FNDA:82,(anonymous_0)
DA:3,4
DA:4,82
DA:5,43
LF:3
LH:3
BRDA:4,0,0,43
BRDA:4,0,1,39
BRF:2
BRH:2
end_of_record
TN:
SF:src\pages\Utils\GetErrorBorderBottom.jsx
FN:3,(anonymous_0)
FNF:1
FNH:1
FNDA:56,(anonymous_0)
DA:3,4
DA:4,56
DA:6,9
LF:3
LH:3
BRDA:4,0,0,9
BRDA:4,0,1,47
BRF:2
BRH:2
end_of_record
TN:
SF:src\pages\Utils\GetUserInfo.jsx
FNF:0
FNH:0
LF:0
LH:0
BRF:0
BRH:0
end_of_record
TN:
SF:src\pages\Utils\SelectValidation.jsx
FN:5,(anonymous_0)
FN:16,(anonymous_1)
FN:22,(anonymous_2)
FN:50,(anonymous_3)
FNF:4
FNH:3
FNDA:16,(anonymous_0)
FNDA:4,(anonymous_1)
FNDA:0,(anonymous_2)
FNDA:4,(anonymous_3)
DA:5,4
DA:13,16
DA:14,16
DA:16,16
DA:17,4
DA:18,0
DA:22,16
DA:23,0
DA:24,0
DA:26,0
DA:27,0
DA:30,16
DA:51,4
LF:13
LH:8
BRDA:17,0,0,0
BRDA:17,0,1,4
BRDA:32,1,0,16
BRDA:32,1,1,16
BRF:4
BRH:3
end_of_record
TN:
SF:src\pages\Utils\SpinnerSportApp.jsx
FN:3,(anonymous_0)
FNF:1
FNH:1
FNDA:2,(anonymous_0)
DA:3,5
DA:4,2
LF:2
LH:2
BRF:0
BRH:0
end_of_record
TN:
SF:src\pages\Utils\TextBoxEditValidation.jsx
FN:4,(anonymous_0)
FNF:1
FNH:1
FNDA:40,(anonymous_0)
DA:4,4
DA:13,40
LF:2
LH:2
BRF:0
BRH:0
end_of_record
TN:
SF:src\pages\Utils\TextError.jsx
FNF:0
FNH:0
LF:0
LH:0
BRF:0
BRH:0
end_of_record
TN:
SF:src\pages\Utils\index.jsx
FNF:0
FNH:0
LF:0
LH:0
BRF:0
BRH:0
end_of_record
TN:
SF:src\store\sessionUser\index.jsx
FNF:0
FNH:0
LF:0
LH:0
BRF:0
BRH:0
end_of_record
TN:
SF:src\store\sessionUser\sessionUserSlice.jsx
FN:18,(anonymous_0)
FN:23,(anonymous_1)
FNF:2
FNH:0
FNDA:0,(anonymous_0)
FNDA:0,(anonymous_1)
DA:2,2
DA:11,2
DA:30,2
LF:3
LH:3
BRF:0
BRH:0
end_of_record
